<?xml version="1.0" encoding="UTF-8"?>
<testsuite xmlns:xsi="http://www.w3.org/2001/XMLSchema-instance" xsi:noNamespaceSchemaLocation="https://maven.apache.org/surefire/maven-surefire-plugin/xsd/surefire-test-report.xsd" name="com.ming.demo_01.SprinBootApplicationTests" time="4.797" tests="3" errors="0" skipped="0" failures="0">
  <properties>
    <property name="sun.desktop" value="windows"/>
    <property name="awt.toolkit" value="sun.awt.windows.WToolkit"/>
    <property name="file.encoding.pkg" value="sun.io"/>
    <property name="java.specification.version" value="1.8"/>
    <property name="sun.cpu.isalist" value="amd64"/>
    <property name="sun.jnu.encoding" value="GBK"/>
    <property name="java.class.path" value="F:\Program\Java\Maven\class\spring_boot_demo\target\test-classes;F:\Program\Java\Maven\class\spring_boot_demo\target\classes;F:\Program\Java\JavaWeb\repository\org\springframework\boot\spring-boot-starter-web\2.1.7.RELEASE\spring-boot-starter-web-2.1.7.RELEASE.jar;F:\Program\Java\JavaWeb\repository\org\springframework\boot\spring-boot-starter\2.1.7.RELEASE\spring-boot-starter-2.1.7.RELEASE.jar;F:\Program\Java\JavaWeb\repository\org\springframework\boot\spring-boot\2.1.7.RELEASE\spring-boot-2.1.7.RELEASE.jar;F:\Program\Java\JavaWeb\repository\org\springframework\boot\spring-boot-autoconfigure\2.1.7.RELEASE\spring-boot-autoconfigure-2.1.7.RELEASE.jar;F:\Program\Java\JavaWeb\repository\org\springframework\boot\spring-boot-starter-logging\2.1.7.RELEASE\spring-boot-starter-logging-2.1.7.RELEASE.jar;F:\Program\Java\JavaWeb\repository\ch\qos\logback\logback-classic\1.2.3\logback-classic-1.2.3.jar;F:\Program\Java\JavaWeb\repository\ch\qos\logback\logback-core\1.2.3\logback-core-1.2.3.jar;F:\Program\Java\JavaWeb\repository\org\apache\logging\log4j\log4j-to-slf4j\2.11.2\log4j-to-slf4j-2.11.2.jar;F:\Program\Java\JavaWeb\repository\org\apache\logging\log4j\log4j-api\2.11.2\log4j-api-2.11.2.jar;F:\Program\Java\JavaWeb\repository\org\slf4j\jul-to-slf4j\1.7.26\jul-to-slf4j-1.7.26.jar;F:\Program\Java\JavaWeb\repository\javax\annotation\javax.annotation-api\1.3.2\javax.annotation-api-1.3.2.jar;F:\Program\Java\JavaWeb\repository\org\yaml\snakeyaml\1.23\snakeyaml-1.23.jar;F:\Program\Java\JavaWeb\repository\org\springframework\boot\spring-boot-starter-json\2.1.7.RELEASE\spring-boot-starter-json-2.1.7.RELEASE.jar;F:\Program\Java\JavaWeb\repository\com\fasterxml\jackson\core\jackson-databind\2.9.9\jackson-databind-2.9.9.jar;F:\Program\Java\JavaWeb\repository\com\fasterxml\jackson\core\jackson-annotations\2.9.0\jackson-annotations-2.9.0.jar;F:\Program\Java\JavaWeb\repository\com\fasterxml\jackson\core\jackson-core\2.9.9\jackson-core-2.9.9.jar;F:\Program\Java\JavaWeb\repository\com\fasterxml\jackson\datatype\jackson-datatype-jdk8\2.9.9\jackson-datatype-jdk8-2.9.9.jar;F:\Program\Java\JavaWeb\repository\com\fasterxml\jackson\datatype\jackson-datatype-jsr310\2.9.9\jackson-datatype-jsr310-2.9.9.jar;F:\Program\Java\JavaWeb\repository\com\fasterxml\jackson\module\jackson-module-parameter-names\2.9.9\jackson-module-parameter-names-2.9.9.jar;F:\Program\Java\JavaWeb\repository\org\springframework\boot\spring-boot-starter-tomcat\2.1.7.RELEASE\spring-boot-starter-tomcat-2.1.7.RELEASE.jar;F:\Program\Java\JavaWeb\repository\org\apache\tomcat\embed\tomcat-embed-core\9.0.22\tomcat-embed-core-9.0.22.jar;F:\Program\Java\JavaWeb\repository\org\apache\tomcat\embed\tomcat-embed-el\9.0.22\tomcat-embed-el-9.0.22.jar;F:\Program\Java\JavaWeb\repository\org\apache\tomcat\embed\tomcat-embed-websocket\9.0.22\tomcat-embed-websocket-9.0.22.jar;F:\Program\Java\JavaWeb\repository\org\hibernate\validator\hibernate-validator\6.0.17.Final\hibernate-validator-6.0.17.Final.jar;F:\Program\Java\JavaWeb\repository\javax\validation\validation-api\2.0.1.Final\validation-api-2.0.1.Final.jar;F:\Program\Java\JavaWeb\repository\org\jboss\logging\jboss-logging\3.3.2.Final\jboss-logging-3.3.2.Final.jar;F:\Program\Java\JavaWeb\repository\com\fasterxml\classmate\1.4.0\classmate-1.4.0.jar;F:\Program\Java\JavaWeb\repository\org\springframework\spring-web\5.1.9.RELEASE\spring-web-5.1.9.RELEASE.jar;F:\Program\Java\JavaWeb\repository\org\springframework\spring-beans\5.1.9.RELEASE\spring-beans-5.1.9.RELEASE.jar;F:\Program\Java\JavaWeb\repository\org\springframework\spring-webmvc\5.1.9.RELEASE\spring-webmvc-5.1.9.RELEASE.jar;F:\Program\Java\JavaWeb\repository\org\springframework\spring-aop\5.1.9.RELEASE\spring-aop-5.1.9.RELEASE.jar;F:\Program\Java\JavaWeb\repository\org\springframework\spring-context\5.1.9.RELEASE\spring-context-5.1.9.RELEASE.jar;F:\Program\Java\JavaWeb\repository\org\springframework\spring-expression\5.1.9.RELEASE\spring-expression-5.1.9.RELEASE.jar;F:\Program\Java\JavaWeb\repository\org\springframework\boot\spring-boot-starter-test\2.1.7.RELEASE\spring-boot-starter-test-2.1.7.RELEASE.jar;F:\Program\Java\JavaWeb\repository\org\springframework\boot\spring-boot-test\2.1.7.RELEASE\spring-boot-test-2.1.7.RELEASE.jar;F:\Program\Java\JavaWeb\repository\org\springframework\boot\spring-boot-test-autoconfigure\2.1.7.RELEASE\spring-boot-test-autoconfigure-2.1.7.RELEASE.jar;F:\Program\Java\JavaWeb\repository\com\jayway\jsonpath\json-path\2.4.0\json-path-2.4.0.jar;F:\Program\Java\JavaWeb\repository\net\minidev\json-smart\2.3\json-smart-2.3.jar;F:\Program\Java\JavaWeb\repository\net\minidev\accessors-smart\1.2\accessors-smart-1.2.jar;F:\Program\Java\JavaWeb\repository\org\ow2\asm\asm\5.0.4\asm-5.0.4.jar;F:\Program\Java\JavaWeb\repository\org\slf4j\slf4j-api\1.7.26\slf4j-api-1.7.26.jar;F:\Program\Java\JavaWeb\repository\junit\junit\4.12\junit-4.12.jar;F:\Program\Java\JavaWeb\repository\org\assertj\assertj-core\3.11.1\assertj-core-3.11.1.jar;F:\Program\Java\JavaWeb\repository\org\mockito\mockito-core\2.23.4\mockito-core-2.23.4.jar;F:\Program\Java\JavaWeb\repository\net\bytebuddy\byte-buddy\1.9.16\byte-buddy-1.9.16.jar;F:\Program\Java\JavaWeb\repository\net\bytebuddy\byte-buddy-agent\1.9.16\byte-buddy-agent-1.9.16.jar;F:\Program\Java\JavaWeb\repository\org\objenesis\objenesis\2.6\objenesis-2.6.jar;F:\Program\Java\JavaWeb\repository\org\hamcrest\hamcrest-core\1.3\hamcrest-core-1.3.jar;F:\Program\Java\JavaWeb\repository\org\hamcrest\hamcrest-library\1.3\hamcrest-library-1.3.jar;F:\Program\Java\JavaWeb\repository\org\skyscreamer\jsonassert\1.5.0\jsonassert-1.5.0.jar;F:\Program\Java\JavaWeb\repository\com\vaadin\external\google\android-json\0.0.20131108.vaadin1\android-json-0.0.20131108.vaadin1.jar;F:\Program\Java\JavaWeb\repository\org\springframework\spring-core\5.1.9.RELEASE\spring-core-5.1.9.RELEASE.jar;F:\Program\Java\JavaWeb\repository\org\springframework\spring-jcl\5.1.9.RELEASE\spring-jcl-5.1.9.RELEASE.jar;F:\Program\Java\JavaWeb\repository\org\springframework\spring-test\5.1.9.RELEASE\spring-test-5.1.9.RELEASE.jar;F:\Program\Java\JavaWeb\repository\org\xmlunit\xmlunit-core\2.6.3\xmlunit-core-2.6.3.jar;F:\Program\Java\JavaWeb\repository\org\springframework\boot\spring-boot-configuration-processor\2.1.7.RELEASE\spring-boot-configuration-processor-2.1.7.RELEASE.jar;F:\Program\Java\JavaWeb\repository\org\springframework\boot\spring-boot-starter-thymeleaf\2.1.7.RELEASE\spring-boot-starter-thymeleaf-2.1.7.RELEASE.jar;F:\Program\Java\JavaWeb\repository\org\thymeleaf\thymeleaf-spring5\3.0.11.RELEASE\thymeleaf-spring5-3.0.11.RELEASE.jar;F:\Program\Java\JavaWeb\repository\org\thymeleaf\thymeleaf\3.0.11.RELEASE\thymeleaf-3.0.11.RELEASE.jar;F:\Program\Java\JavaWeb\repository\org\attoparser\attoparser\2.0.5.RELEASE\attoparser-2.0.5.RELEASE.jar;F:\Program\Java\JavaWeb\repository\org\unbescape\unbescape\1.1.6.RELEASE\unbescape-1.1.6.RELEASE.jar;F:\Program\Java\JavaWeb\repository\org\thymeleaf\extras\thymeleaf-extras-java8time\3.0.4.RELEASE\thymeleaf-extras-java8time-3.0.4.RELEASE.jar;"/>
    <property name="java.vm.vendor" value="Oracle Corporation"/>
    <property name="sun.arch.data.model" value="64"/>
    <property name="user.variant" value=""/>
    <property name="java.vendor.url" value="http://java.oracle.com/"/>
    <property name="user.timezone" value="Asia/Shanghai"/>
    <property name="java.vm.specification.version" value="1.8"/>
    <property name="os.name" value="Windows 10"/>
    <property name="user.country" value="CN"/>
    <property name="sun.java.launcher" value="SUN_STANDARD"/>
    <property name="sun.boot.library.path" value="C:\Program Files\Java\jdk1.8.0_131\jre\bin"/>
    <property name="sun.java.command" value="C:\Users\WANGCH~1\AppData\Local\Temp\surefire6143989159078826896\surefirebooter6627110956689215666.jar C:\Users\wangchong\AppData\Local\Temp\surefire6143989159078826896 2019-08-29T16-19-17_562-jvmRun1 surefire6622329652968148856tmp surefire_02268563465281028815tmp"/>
    <property name="surefire.test.class.path" value="F:\Program\Java\Maven\class\spring_boot_demo\target\test-classes;F:\Program\Java\Maven\class\spring_boot_demo\target\classes;F:\Program\Java\JavaWeb\repository\org\springframework\boot\spring-boot-starter-web\2.1.7.RELEASE\spring-boot-starter-web-2.1.7.RELEASE.jar;F:\Program\Java\JavaWeb\repository\org\springframework\boot\spring-boot-starter\2.1.7.RELEASE\spring-boot-starter-2.1.7.RELEASE.jar;F:\Program\Java\JavaWeb\repository\org\springframework\boot\spring-boot\2.1.7.RELEASE\spring-boot-2.1.7.RELEASE.jar;F:\Program\Java\JavaWeb\repository\org\springframework\boot\spring-boot-autoconfigure\2.1.7.RELEASE\spring-boot-autoconfigure-2.1.7.RELEASE.jar;F:\Program\Java\JavaWeb\repository\org\springframework\boot\spring-boot-starter-logging\2.1.7.RELEASE\spring-boot-starter-logging-2.1.7.RELEASE.jar;F:\Program\Java\JavaWeb\repository\ch\qos\logback\logback-classic\1.2.3\logback-classic-1.2.3.jar;F:\Program\Java\JavaWeb\repository\ch\qos\logback\logback-core\1.2.3\logback-core-1.2.3.jar;F:\Program\Java\JavaWeb\repository\org\apache\logging\log4j\log4j-to-slf4j\2.11.2\log4j-to-slf4j-2.11.2.jar;F:\Program\Java\JavaWeb\repository\org\apache\logging\log4j\log4j-api\2.11.2\log4j-api-2.11.2.jar;F:\Program\Java\JavaWeb\repository\org\slf4j\jul-to-slf4j\1.7.26\jul-to-slf4j-1.7.26.jar;F:\Program\Java\JavaWeb\repository\javax\annotation\javax.annotation-api\1.3.2\javax.annotation-api-1.3.2.jar;F:\Program\Java\JavaWeb\repository\org\yaml\snakeyaml\1.23\snakeyaml-1.23.jar;F:\Program\Java\JavaWeb\repository\org\springframework\boot\spring-boot-starter-json\2.1.7.RELEASE\spring-boot-starter-json-2.1.7.RELEASE.jar;F:\Program\Java\JavaWeb\repository\com\fasterxml\jackson\core\jackson-databind\2.9.9\jackson-databind-2.9.9.jar;F:\Program\Java\JavaWeb\repository\com\fasterxml\jackson\core\jackson-annotations\2.9.0\jackson-annotations-2.9.0.jar;F:\Program\Java\JavaWeb\repository\com\fasterxml\jackson\core\jackson-core\2.9.9\jackson-core-2.9.9.jar;F:\Program\Java\JavaWeb\repository\com\fasterxml\jackson\datatype\jackson-datatype-jdk8\2.9.9\jackson-datatype-jdk8-2.9.9.jar;F:\Program\Java\JavaWeb\repository\com\fasterxml\jackson\datatype\jackson-datatype-jsr310\2.9.9\jackson-datatype-jsr310-2.9.9.jar;F:\Program\Java\JavaWeb\repository\com\fasterxml\jackson\module\jackson-module-parameter-names\2.9.9\jackson-module-parameter-names-2.9.9.jar;F:\Program\Java\JavaWeb\repository\org\springframework\boot\spring-boot-starter-tomcat\2.1.7.RELEASE\spring-boot-starter-tomcat-2.1.7.RELEASE.jar;F:\Program\Java\JavaWeb\repository\org\apache\tomcat\embed\tomcat-embed-core\9.0.22\tomcat-embed-core-9.0.22.jar;F:\Program\Java\JavaWeb\repository\org\apache\tomcat\embed\tomcat-embed-el\9.0.22\tomcat-embed-el-9.0.22.jar;F:\Program\Java\JavaWeb\repository\org\apache\tomcat\embed\tomcat-embed-websocket\9.0.22\tomcat-embed-websocket-9.0.22.jar;F:\Program\Java\JavaWeb\repository\org\hibernate\validator\hibernate-validator\6.0.17.Final\hibernate-validator-6.0.17.Final.jar;F:\Program\Java\JavaWeb\repository\javax\validation\validation-api\2.0.1.Final\validation-api-2.0.1.Final.jar;F:\Program\Java\JavaWeb\repository\org\jboss\logging\jboss-logging\3.3.2.Final\jboss-logging-3.3.2.Final.jar;F:\Program\Java\JavaWeb\repository\com\fasterxml\classmate\1.4.0\classmate-1.4.0.jar;F:\Program\Java\JavaWeb\repository\org\springframework\spring-web\5.1.9.RELEASE\spring-web-5.1.9.RELEASE.jar;F:\Program\Java\JavaWeb\repository\org\springframework\spring-beans\5.1.9.RELEASE\spring-beans-5.1.9.RELEASE.jar;F:\Program\Java\JavaWeb\repository\org\springframework\spring-webmvc\5.1.9.RELEASE\spring-webmvc-5.1.9.RELEASE.jar;F:\Program\Java\JavaWeb\repository\org\springframework\spring-aop\5.1.9.RELEASE\spring-aop-5.1.9.RELEASE.jar;F:\Program\Java\JavaWeb\repository\org\springframework\spring-context\5.1.9.RELEASE\spring-context-5.1.9.RELEASE.jar;F:\Program\Java\JavaWeb\repository\org\springframework\spring-expression\5.1.9.RELEASE\spring-expression-5.1.9.RELEASE.jar;F:\Program\Java\JavaWeb\repository\org\springframework\boot\spring-boot-starter-test\2.1.7.RELEASE\spring-boot-starter-test-2.1.7.RELEASE.jar;F:\Program\Java\JavaWeb\repository\org\springframework\boot\spring-boot-test\2.1.7.RELEASE\spring-boot-test-2.1.7.RELEASE.jar;F:\Program\Java\JavaWeb\repository\org\springframework\boot\spring-boot-test-autoconfigure\2.1.7.RELEASE\spring-boot-test-autoconfigure-2.1.7.RELEASE.jar;F:\Program\Java\JavaWeb\repository\com\jayway\jsonpath\json-path\2.4.0\json-path-2.4.0.jar;F:\Program\Java\JavaWeb\repository\net\minidev\json-smart\2.3\json-smart-2.3.jar;F:\Program\Java\JavaWeb\repository\net\minidev\accessors-smart\1.2\accessors-smart-1.2.jar;F:\Program\Java\JavaWeb\repository\org\ow2\asm\asm\5.0.4\asm-5.0.4.jar;F:\Program\Java\JavaWeb\repository\org\slf4j\slf4j-api\1.7.26\slf4j-api-1.7.26.jar;F:\Program\Java\JavaWeb\repository\junit\junit\4.12\junit-4.12.jar;F:\Program\Java\JavaWeb\repository\org\assertj\assertj-core\3.11.1\assertj-core-3.11.1.jar;F:\Program\Java\JavaWeb\repository\org\mockito\mockito-core\2.23.4\mockito-core-2.23.4.jar;F:\Program\Java\JavaWeb\repository\net\bytebuddy\byte-buddy\1.9.16\byte-buddy-1.9.16.jar;F:\Program\Java\JavaWeb\repository\net\bytebuddy\byte-buddy-agent\1.9.16\byte-buddy-agent-1.9.16.jar;F:\Program\Java\JavaWeb\repository\org\objenesis\objenesis\2.6\objenesis-2.6.jar;F:\Program\Java\JavaWeb\repository\org\hamcrest\hamcrest-core\1.3\hamcrest-core-1.3.jar;F:\Program\Java\JavaWeb\repository\org\hamcrest\hamcrest-library\1.3\hamcrest-library-1.3.jar;F:\Program\Java\JavaWeb\repository\org\skyscreamer\jsonassert\1.5.0\jsonassert-1.5.0.jar;F:\Program\Java\JavaWeb\repository\com\vaadin\external\google\android-json\0.0.20131108.vaadin1\android-json-0.0.20131108.vaadin1.jar;F:\Program\Java\JavaWeb\repository\org\springframework\spring-core\5.1.9.RELEASE\spring-core-5.1.9.RELEASE.jar;F:\Program\Java\JavaWeb\repository\org\springframework\spring-jcl\5.1.9.RELEASE\spring-jcl-5.1.9.RELEASE.jar;F:\Program\Java\JavaWeb\repository\org\springframework\spring-test\5.1.9.RELEASE\spring-test-5.1.9.RELEASE.jar;F:\Program\Java\JavaWeb\repository\org\xmlunit\xmlunit-core\2.6.3\xmlunit-core-2.6.3.jar;F:\Program\Java\JavaWeb\repository\org\springframework\boot\spring-boot-configuration-processor\2.1.7.RELEASE\spring-boot-configuration-processor-2.1.7.RELEASE.jar;F:\Program\Java\JavaWeb\repository\org\springframework\boot\spring-boot-starter-thymeleaf\2.1.7.RELEASE\spring-boot-starter-thymeleaf-2.1.7.RELEASE.jar;F:\Program\Java\JavaWeb\repository\org\thymeleaf\thymeleaf-spring5\3.0.11.RELEASE\thymeleaf-spring5-3.0.11.RELEASE.jar;F:\Program\Java\JavaWeb\repository\org\thymeleaf\thymeleaf\3.0.11.RELEASE\thymeleaf-3.0.11.RELEASE.jar;F:\Program\Java\JavaWeb\repository\org\attoparser\attoparser\2.0.5.RELEASE\attoparser-2.0.5.RELEASE.jar;F:\Program\Java\JavaWeb\repository\org\unbescape\unbescape\1.1.6.RELEASE\unbescape-1.1.6.RELEASE.jar;F:\Program\Java\JavaWeb\repository\org\thymeleaf\extras\thymeleaf-extras-java8time\3.0.4.RELEASE\thymeleaf-extras-java8time-3.0.4.RELEASE.jar;"/>
    <property name="sun.cpu.endian" value="little"/>
    <property name="user.home" value="C:\Users\wangchong"/>
    <property name="user.language" value="zh"/>
    <property name="java.specification.vendor" value="Oracle Corporation"/>
    <property name="java.home" value="C:\Program Files\Java\jdk1.8.0_131\jre"/>
    <property name="basedir" value="F:\Program\Java\Maven\class\spring_boot_demo"/>
    <property name="file.separator" value="\"/>
    <property name="line.separator" value="&#10;"/>
    <property name="java.vm.specification.vendor" value="Oracle Corporation"/>
    <property name="java.specification.name" value="Java Platform API Specification"/>
    <property name="java.awt.graphicsenv" value="sun.awt.Win32GraphicsEnvironment"/>
    <property name="surefire.real.class.path" value="C:\Users\WANGCH~1\AppData\Local\Temp\surefire6143989159078826896\surefirebooter6627110956689215666.jar"/>
    <property name="sun.boot.class.path" value="C:\Program Files\Java\jdk1.8.0_131\jre\lib\resources.jar;C:\Program Files\Java\jdk1.8.0_131\jre\lib\rt.jar;C:\Program Files\Java\jdk1.8.0_131\jre\lib\sunrsasign.jar;C:\Program Files\Java\jdk1.8.0_131\jre\lib\jsse.jar;C:\Program Files\Java\jdk1.8.0_131\jre\lib\jce.jar;C:\Program Files\Java\jdk1.8.0_131\jre\lib\charsets.jar;C:\Program Files\Java\jdk1.8.0_131\jre\lib\jfr.jar;C:\Program Files\Java\jdk1.8.0_131\jre\classes"/>
    <property name="user.script" value=""/>
    <property name="sun.management.compiler" value="HotSpot 64-Bit Tiered Compilers"/>
    <property name="java.runtime.version" value="1.8.0_131-b11"/>
    <property name="user.name" value="wangchong"/>
    <property name="path.separator" value=";"/>
    <property name="os.version" value="10.0"/>
    <property name="java.endorsed.dirs" value="C:\Program Files\Java\jdk1.8.0_131\jre\lib\endorsed"/>
    <property name="java.runtime.name" value="Java(TM) SE Runtime Environment"/>
    <property name="file.encoding" value="GBK"/>
    <property name="java.vm.name" value="Java HotSpot(TM) 64-Bit Server VM"/>
    <property name="localRepository" value="F:\Program\Java\JavaWeb\repository"/>
    <property name="java.vendor.url.bug" value="http://bugreport.sun.com/bugreport/"/>
    <property name="java.io.tmpdir" value="C:\Users\WANGCH~1\AppData\Local\Temp\"/>
    <property name="idea.version" value="2018.1.6"/>
    <property name="java.version" value="1.8.0_131"/>
    <property name="user.dir" value="F:\Program\Java\Maven\class\spring_boot_demo"/>
    <property name="os.arch" value="amd64"/>
    <property name="java.vm.specification.name" value="Java Virtual Machine Specification"/>
    <property name="java.awt.printerjob" value="sun.awt.windows.WPrinterJob"/>
    <property name="sun.os.patch.level" value=""/>
    <property name="java.library.path" value="C:\Program Files\Java\jdk1.8.0_131\jre\bin;C:\WINDOWS\Sun\Java\bin;C:\WINDOWS\system32;C:\WINDOWS;F:\Program Files (x86)\NetSarang\Xftp 6\;F:\Program Files\JetBrains\PyCharm 2018.3.5\Python36\Scripts\;F:\Program Files\JetBrains\PyCharm 2018.3.5\Python36\;C:\Program Files\Java\jdk1.8.0_131\bin;C:\Program Files (x86)\Intel\iCLS Client\;C:\Program Files\Intel\iCLS Client\;C:\Windows\system32;C:\Windows;C:\Windows\System32\Wbem;C:\Windows\System32\WindowsPowerShell\v1.0\;C:\Program Files (x86)\NVIDIA Corporation\PhysX\Common;C:\Program Files (x86)\Intel\Intel(R) Management Engine Components\DAL;C:\Program Files\Intel\Intel(R) Management Engine Components\DAL;C:\Program Files (x86)\Intel\Intel(R) Management Engine Components\IPT;C:\Program Files\Intel\Intel(R) Management Engine Components\IPT;C:\Program Files\dotnet\;C:\WINDOWS\system32;C:\WINDOWS;C:\WINDOWS\System32\Wbem;C:\WINDOWS\System32\WindowsPowerShell\v1.0\;C:\WINDOWS\System32\OpenSSH\;F:\Program Files\MATLAB\R2017a\runtime\win64;F:\Program Files\MATLAB\R2017a\bin;F:\Program\Git\cmd;C:\Program Files\TortoiseGit\bin;C:\Program Files\MySQL\MySQL Server 8.0\bin;F:\Program\Python\PythonApk\python-3.6.4-amd64.exe;C:\Program Files\NVIDIA Corporation\NVIDIA NvDLISR;F:\Program\nodejs\;F:\Program\nodejs\node_global\node_modules\cnpm;F:\Program\Java\hexo\blog\node_modules\.bin;C:\Program Files\Microsoft SQL Server\110\DTS\Binn\;C:\Program Files (x86)\Microsoft SQL Server\110\Tools\Binn\;C:\Program Files\Microsoft SQL Server\110\Tools\Binn\;C:\Program Files (x86)\Microsoft SQL Server\110\Tools\Binn\ManagementStudio\;C:\Program Files (x86)\Microsoft Visual Studio 10.0\Common7\IDE\PrivateAssemblies\;C:\Program Files (x86)\Microsoft SQL Server\110\DTS\Binn\;F:\Program\Java\JavaWeb\apache-maven-3.3.9\bin;F:\Program\nodejs\node_global;F:\Program\nodejs\node_global\node_modules\cnpm\bin;C:\Program Files\MySQL\MySQL Shell 8.0\bin\;F:\Programs\Microsoft VS Code\bin;F:\Programs\Fiddler;."/>
    <property name="java.vm.info" value="mixed mode"/>
    <property name="java.vendor" value="Oracle Corporation"/>
    <property name="java.vm.version" value="25.131-b11"/>
    <property name="java.ext.dirs" value="C:\Program Files\Java\jdk1.8.0_131\jre\lib\ext;C:\WINDOWS\Sun\Java\lib\ext"/>
    <property name="sun.io.unicode.encoding" value="UnicodeLittle"/>
    <property name="maven.repo.local" value="F:\Program\Java\JavaWeb\repository"/>
    <property name="java.class.version" value="52.0"/>
  </properties>
  <testcase name="contextLoadsUser" classname="com.ming.demo_01.SprinBootApplicationTests" time="0.571"/>
  <testcase name="contextLoadsOrder" classname="com.ming.demo_01.SprinBootApplicationTests" time="0.001"/>
  <testcase name="testService" classname="com.ming.demo_01.SprinBootApplicationTests" time="0.002"/>
</testsuite>